=== Worker Log Previews ===


Previewing logs for 10 workers (head=7, tail=7)
Note: Head starts at line 3.

==============================
 Worker 0  |  Pod: schrodinger-job-0-75pdw
---    TOP 7 LINES    ---
2026-03-24 19:36:50 [run:ccfb808c-bced-42e9-a34f-699bd2cd6643] [worker_0] [START] Planning 10000 steps for rows 0-19.
2026-03-24 19:36:50 [run:ccfb808c-bced-42e9-a34f-699bd2cd6643] [worker_0] [WRITE] Computed and stored initial grid in Redis.
2026-03-24 19:36:50 [run:ccfb808c-bced-42e9-a34f-699bd2cd6643] [worker_0] [WRITE][step 0 ] wrote edges to [ccfb808c-bced-42e9-a34f-699bd2cd6643:worker:0:top:0] and [ccfb808c-bced-42e9-a34f-699bd2cd6643:worker:0:bottom:0].
2026-03-24 19:36:50 [run:ccfb808c-bced-42e9-a34f-699bd2cd6643] [worker_0] [READ][step 0 ] Received BOTTOM neighbor from worker 1 (key: ccfb808c-bced-42e9-a34f-699bd2cd6643:worker:1:top:0, shape=(200,)).
2026-03-24 19:36:50 [run:ccfb808c-bced-42e9-a34f-699bd2cd6643] [worker_0] [PUB][step 0    ] published chunk to channel [ccfb808c-bced-42e9-a34f-699bd2cd6643:wave_channel]
2026-03-24 19:36:50 [run:ccfb808c-bced-42e9-a34f-699bd2cd6643] [worker_0] [WRITE][step 1 ] wrote edges to [ccfb808c-bced-42e9-a34f-699bd2cd6643:worker:0:top:1] and [ccfb808c-bced-42e9-a34f-699bd2cd6643:worker:0:bottom:1].
2026-03-24 19:36:50 [run:ccfb808c-bced-42e9-a34f-699bd2cd6643] [worker_0] [READ][step 1 ] Received BOTTOM neighbor from worker 1 (key: ccfb808c-bced-42e9-a34f-699bd2cd6643:worker:1:top:1, shape=(200,)).

---    BOTTOM 7 LINES    ---
2026-03-24 19:42:57 [run:ccfb808c-bced-42e9-a34f-699bd2cd6643] [worker_0] [WRITE][step 9997] wrote edges to [ccfb808c-bced-42e9-a34f-699bd2cd6643:worker:0:top:9997] and [ccfb808c-bced-42e9-a34f-699bd2cd6643:worker:0:bottom:9997].
2026-03-24 19:42:57 [run:ccfb808c-bced-42e9-a34f-699bd2cd6643] [worker_0] [READ][step 9997] Received BOTTOM neighbor from worker 1 (key: ccfb808c-bced-42e9-a34f-699bd2cd6643:worker:1:top:9997, shape=(200,)).
2026-03-24 19:42:57 [run:ccfb808c-bced-42e9-a34f-699bd2cd6643] [worker_0] [WRITE][step 9998] wrote edges to [ccfb808c-bced-42e9-a34f-699bd2cd6643:worker:0:top:9998] and [ccfb808c-bced-42e9-a34f-699bd2cd6643:worker:0:bottom:9998].
2026-03-24 19:42:57 [run:ccfb808c-bced-42e9-a34f-699bd2cd6643] [worker_0] [READ][step 9998] Received BOTTOM neighbor from worker 1 (key: ccfb808c-bced-42e9-a34f-699bd2cd6643:worker:1:top:9998, shape=(200,)).
2026-03-24 19:42:57 [run:ccfb808c-bced-42e9-a34f-699bd2cd6643] [worker_0] [WRITE][step 9999] wrote edges to [ccfb808c-bced-42e9-a34f-699bd2cd6643:worker:0:top:9999] and [ccfb808c-bced-42e9-a34f-699bd2cd6643:worker:0:bottom:9999].
2026-03-24 19:42:57 [run:ccfb808c-bced-42e9-a34f-699bd2cd6643] [worker_0] [READ][step 9999] Received BOTTOM neighbor from worker 1 (key: ccfb808c-bced-42e9-a34f-699bd2cd6643:worker:1:top:9999, shape=(200,)).
2026-03-24 19:42:57 [run:ccfb808c-bced-42e9-a34f-699bd2cd6643] [worker_0] [FIN] 10000 steps completed for rows 0-19.

==============================
 Worker 1  |  Pod: schrodinger-job-1-sglbv
---    TOP 7 LINES    ---
2026-03-24 19:36:50 [run:ccfb808c-bced-42e9-a34f-699bd2cd6643] [worker_1] [START] Planning 10000 steps for rows 20-39.
2026-03-24 19:36:50 [run:ccfb808c-bced-42e9-a34f-699bd2cd6643] [worker_1] [READ] Retrieved initial grid from Redis.
2026-03-24 19:36:50 [run:ccfb808c-bced-42e9-a34f-699bd2cd6643] [worker_1] [WRITE][step 0 ] wrote edges to [ccfb808c-bced-42e9-a34f-699bd2cd6643:worker:1:top:0] and [ccfb808c-bced-42e9-a34f-699bd2cd6643:worker:1:bottom:0].
2026-03-24 19:36:50 [run:ccfb808c-bced-42e9-a34f-699bd2cd6643] [worker_1] [READ][step 0 ] Received TOP neighbor from worker 0 (key: ccfb808c-bced-42e9-a34f-699bd2cd6643:worker:0:bottom:0, shape=(200,)).
2026-03-24 19:36:50 [run:ccfb808c-bced-42e9-a34f-699bd2cd6643] [worker_1] [READ][step 0 ] Received BOTTOM neighbor from worker 2 (key: ccfb808c-bced-42e9-a34f-699bd2cd6643:worker:2:top:0, shape=(200,)).
2026-03-24 19:36:50 [run:ccfb808c-bced-42e9-a34f-699bd2cd6643] [worker_1] [PUB][step 0    ] published chunk to channel [ccfb808c-bced-42e9-a34f-699bd2cd6643:wave_channel]
2026-03-24 19:36:50 [run:ccfb808c-bced-42e9-a34f-699bd2cd6643] [worker_1] [WRITE][step 1 ] wrote edges to [ccfb808c-bced-42e9-a34f-699bd2cd6643:worker:1:top:1] and [ccfb808c-bced-42e9-a34f-699bd2cd6643:worker:1:bottom:1].

---    BOTTOM 7 LINES    ---
2026-03-24 19:42:57 [run:ccfb808c-bced-42e9-a34f-699bd2cd6643] [worker_1] [WRITE][step 9998] wrote edges to [ccfb808c-bced-42e9-a34f-699bd2cd6643:worker:1:top:9998] and [ccfb808c-bced-42e9-a34f-699bd2cd6643:worker:1:bottom:9998].
2026-03-24 19:42:57 [run:ccfb808c-bced-42e9-a34f-699bd2cd6643] [worker_1] [READ][step 9998] Received TOP neighbor from worker 0 (key: ccfb808c-bced-42e9-a34f-699bd2cd6643:worker:0:bottom:9998, shape=(200,)).
2026-03-24 19:42:57 [run:ccfb808c-bced-42e9-a34f-699bd2cd6643] [worker_1] [READ][step 9998] Received BOTTOM neighbor from worker 2 (key: ccfb808c-bced-42e9-a34f-699bd2cd6643:worker:2:top:9998, shape=(200,)).
2026-03-24 19:42:57 [run:ccfb808c-bced-42e9-a34f-699bd2cd6643] [worker_1] [WRITE][step 9999] wrote edges to [ccfb808c-bced-42e9-a34f-699bd2cd6643:worker:1:top:9999] and [ccfb808c-bced-42e9-a34f-699bd2cd6643:worker:1:bottom:9999].
2026-03-24 19:42:57 [run:ccfb808c-bced-42e9-a34f-699bd2cd6643] [worker_1] [READ][step 9999] Received TOP neighbor from worker 0 (key: ccfb808c-bced-42e9-a34f-699bd2cd6643:worker:0:bottom:9999, shape=(200,)).
2026-03-24 19:42:57 [run:ccfb808c-bced-42e9-a34f-699bd2cd6643] [worker_1] [READ][step 9999] Received BOTTOM neighbor from worker 2 (key: ccfb808c-bced-42e9-a34f-699bd2cd6643:worker:2:top:9999, shape=(200,)).
2026-03-24 19:42:57 [run:ccfb808c-bced-42e9-a34f-699bd2cd6643] [worker_1] [FIN] 10000 steps completed for rows 20-39.

==============================
 Worker 2  |  Pod: schrodinger-job-2-mt65c
---    TOP 7 LINES    ---
2026-03-24 19:36:50 [run:ccfb808c-bced-42e9-a34f-699bd2cd6643] [worker_2] [START] Planning 10000 steps for rows 40-59.
2026-03-24 19:36:50 [run:ccfb808c-bced-42e9-a34f-699bd2cd6643] [worker_2] [READ] Retrieved initial grid from Redis.
2026-03-24 19:36:50 [run:ccfb808c-bced-42e9-a34f-699bd2cd6643] [worker_2] [WRITE][step 0 ] wrote edges to [ccfb808c-bced-42e9-a34f-699bd2cd6643:worker:2:top:0] and [ccfb808c-bced-42e9-a34f-699bd2cd6643:worker:2:bottom:0].
2026-03-24 19:36:50 [run:ccfb808c-bced-42e9-a34f-699bd2cd6643] [worker_2] [READ][step 0 ] Received TOP neighbor from worker 1 (key: ccfb808c-bced-42e9-a34f-699bd2cd6643:worker:1:bottom:0, shape=(200,)).
2026-03-24 19:36:50 [run:ccfb808c-bced-42e9-a34f-699bd2cd6643] [worker_2] [READ][step 0 ] Received BOTTOM neighbor from worker 3 (key: ccfb808c-bced-42e9-a34f-699bd2cd6643:worker:3:top:0, shape=(200,)).
2026-03-24 19:36:50 [run:ccfb808c-bced-42e9-a34f-699bd2cd6643] [worker_2] [PUB][step 0    ] published chunk to channel [ccfb808c-bced-42e9-a34f-699bd2cd6643:wave_channel]
2026-03-24 19:36:50 [run:ccfb808c-bced-42e9-a34f-699bd2cd6643] [worker_2] [WRITE][step 1 ] wrote edges to [ccfb808c-bced-42e9-a34f-699bd2cd6643:worker:2:top:1] and [ccfb808c-bced-42e9-a34f-699bd2cd6643:worker:2:bottom:1].

---    BOTTOM 7 LINES    ---
2026-03-24 19:42:57 [run:ccfb808c-bced-42e9-a34f-699bd2cd6643] [worker_2] [WRITE][step 9998] wrote edges to [ccfb808c-bced-42e9-a34f-699bd2cd6643:worker:2:top:9998] and [ccfb808c-bced-42e9-a34f-699bd2cd6643:worker:2:bottom:9998].
2026-03-24 19:42:57 [run:ccfb808c-bced-42e9-a34f-699bd2cd6643] [worker_2] [READ][step 9998] Received TOP neighbor from worker 1 (key: ccfb808c-bced-42e9-a34f-699bd2cd6643:worker:1:bottom:9998, shape=(200,)).
2026-03-24 19:42:57 [run:ccfb808c-bced-42e9-a34f-699bd2cd6643] [worker_2] [READ][step 9998] Received BOTTOM neighbor from worker 3 (key: ccfb808c-bced-42e9-a34f-699bd2cd6643:worker:3:top:9998, shape=(200,)).
2026-03-24 19:42:57 [run:ccfb808c-bced-42e9-a34f-699bd2cd6643] [worker_2] [WRITE][step 9999] wrote edges to [ccfb808c-bced-42e9-a34f-699bd2cd6643:worker:2:top:9999] and [ccfb808c-bced-42e9-a34f-699bd2cd6643:worker:2:bottom:9999].
2026-03-24 19:42:57 [run:ccfb808c-bced-42e9-a34f-699bd2cd6643] [worker_2] [READ][step 9999] Received TOP neighbor from worker 1 (key: ccfb808c-bced-42e9-a34f-699bd2cd6643:worker:1:bottom:9999, shape=(200,)).
2026-03-24 19:42:57 [run:ccfb808c-bced-42e9-a34f-699bd2cd6643] [worker_2] [READ][step 9999] Received BOTTOM neighbor from worker 3 (key: ccfb808c-bced-42e9-a34f-699bd2cd6643:worker:3:top:9999, shape=(200,)).
2026-03-24 19:42:57 [run:ccfb808c-bced-42e9-a34f-699bd2cd6643] [worker_2] [FIN] 10000 steps completed for rows 40-59.

==============================
 Worker 3  |  Pod: schrodinger-job-3-gr4ln
---    TOP 7 LINES    ---
2026-03-24 19:36:49 [run:ccfb808c-bced-42e9-a34f-699bd2cd6643] [worker_3] [START] Planning 10000 steps for rows 60-79.
2026-03-24 19:36:50 [run:ccfb808c-bced-42e9-a34f-699bd2cd6643] [worker_3] [READ] Retrieved initial grid from Redis.
2026-03-24 19:36:50 [run:ccfb808c-bced-42e9-a34f-699bd2cd6643] [worker_3] [WRITE][step 0 ] wrote edges to [ccfb808c-bced-42e9-a34f-699bd2cd6643:worker:3:top:0] and [ccfb808c-bced-42e9-a34f-699bd2cd6643:worker:3:bottom:0].
2026-03-24 19:36:50 [run:ccfb808c-bced-42e9-a34f-699bd2cd6643] [worker_3] [READ][step 0 ] Received TOP neighbor from worker 2 (key: ccfb808c-bced-42e9-a34f-699bd2cd6643:worker:2:bottom:0, shape=(200,)).
2026-03-24 19:36:50 [run:ccfb808c-bced-42e9-a34f-699bd2cd6643] [worker_3] [READ][step 0 ] Received BOTTOM neighbor from worker 4 (key: ccfb808c-bced-42e9-a34f-699bd2cd6643:worker:4:top:0, shape=(200,)).
2026-03-24 19:36:50 [run:ccfb808c-bced-42e9-a34f-699bd2cd6643] [worker_3] [PUB][step 0    ] published chunk to channel [ccfb808c-bced-42e9-a34f-699bd2cd6643:wave_channel]
2026-03-24 19:36:50 [run:ccfb808c-bced-42e9-a34f-699bd2cd6643] [worker_3] [WRITE][step 1 ] wrote edges to [ccfb808c-bced-42e9-a34f-699bd2cd6643:worker:3:top:1] and [ccfb808c-bced-42e9-a34f-699bd2cd6643:worker:3:bottom:1].

---    BOTTOM 7 LINES    ---
2026-03-24 19:42:57 [run:ccfb808c-bced-42e9-a34f-699bd2cd6643] [worker_3] [WRITE][step 9998] wrote edges to [ccfb808c-bced-42e9-a34f-699bd2cd6643:worker:3:top:9998] and [ccfb808c-bced-42e9-a34f-699bd2cd6643:worker:3:bottom:9998].
2026-03-24 19:42:57 [run:ccfb808c-bced-42e9-a34f-699bd2cd6643] [worker_3] [READ][step 9998] Received TOP neighbor from worker 2 (key: ccfb808c-bced-42e9-a34f-699bd2cd6643:worker:2:bottom:9998, shape=(200,)).
2026-03-24 19:42:57 [run:ccfb808c-bced-42e9-a34f-699bd2cd6643] [worker_3] [READ][step 9998] Received BOTTOM neighbor from worker 4 (key: ccfb808c-bced-42e9-a34f-699bd2cd6643:worker:4:top:9998, shape=(200,)).
2026-03-24 19:42:57 [run:ccfb808c-bced-42e9-a34f-699bd2cd6643] [worker_3] [WRITE][step 9999] wrote edges to [ccfb808c-bced-42e9-a34f-699bd2cd6643:worker:3:top:9999] and [ccfb808c-bced-42e9-a34f-699bd2cd6643:worker:3:bottom:9999].
2026-03-24 19:42:57 [run:ccfb808c-bced-42e9-a34f-699bd2cd6643] [worker_3] [READ][step 9999] Received TOP neighbor from worker 2 (key: ccfb808c-bced-42e9-a34f-699bd2cd6643:worker:2:bottom:9999, shape=(200,)).
2026-03-24 19:42:57 [run:ccfb808c-bced-42e9-a34f-699bd2cd6643] [worker_3] [READ][step 9999] Received BOTTOM neighbor from worker 4 (key: ccfb808c-bced-42e9-a34f-699bd2cd6643:worker:4:top:9999, shape=(200,)).
2026-03-24 19:42:57 [run:ccfb808c-bced-42e9-a34f-699bd2cd6643] [worker_3] [FIN] 10000 steps completed for rows 60-79.

==============================
 Worker 4  |  Pod: schrodinger-job-4-85btd
---    TOP 7 LINES    ---
2026-03-24 19:36:50 [run:ccfb808c-bced-42e9-a34f-699bd2cd6643] [worker_4] [START] Planning 10000 steps for rows 80-99.
2026-03-24 19:36:50 [run:ccfb808c-bced-42e9-a34f-699bd2cd6643] [worker_4] [READ] Retrieved initial grid from Redis.
2026-03-24 19:36:50 [run:ccfb808c-bced-42e9-a34f-699bd2cd6643] [worker_4] [WRITE][step 0 ] wrote edges to [ccfb808c-bced-42e9-a34f-699bd2cd6643:worker:4:top:0] and [ccfb808c-bced-42e9-a34f-699bd2cd6643:worker:4:bottom:0].
2026-03-24 19:36:50 [run:ccfb808c-bced-42e9-a34f-699bd2cd6643] [worker_4] [READ][step 0 ] Received TOP neighbor from worker 3 (key: ccfb808c-bced-42e9-a34f-699bd2cd6643:worker:3:bottom:0, shape=(200,)).
2026-03-24 19:36:50 [run:ccfb808c-bced-42e9-a34f-699bd2cd6643] [worker_4] [READ][step 0 ] Received BOTTOM neighbor from worker 5 (key: ccfb808c-bced-42e9-a34f-699bd2cd6643:worker:5:top:0, shape=(200,)).
2026-03-24 19:36:50 [run:ccfb808c-bced-42e9-a34f-699bd2cd6643] [worker_4] [PUB][step 0    ] published chunk to channel [ccfb808c-bced-42e9-a34f-699bd2cd6643:wave_channel]
2026-03-24 19:36:50 [run:ccfb808c-bced-42e9-a34f-699bd2cd6643] [worker_4] [WRITE][step 1 ] wrote edges to [ccfb808c-bced-42e9-a34f-699bd2cd6643:worker:4:top:1] and [ccfb808c-bced-42e9-a34f-699bd2cd6643:worker:4:bottom:1].

---    BOTTOM 7 LINES    ---
2026-03-24 19:42:57 [run:ccfb808c-bced-42e9-a34f-699bd2cd6643] [worker_4] [WRITE][step 9998] wrote edges to [ccfb808c-bced-42e9-a34f-699bd2cd6643:worker:4:top:9998] and [ccfb808c-bced-42e9-a34f-699bd2cd6643:worker:4:bottom:9998].
2026-03-24 19:42:57 [run:ccfb808c-bced-42e9-a34f-699bd2cd6643] [worker_4] [READ][step 9998] Received TOP neighbor from worker 3 (key: ccfb808c-bced-42e9-a34f-699bd2cd6643:worker:3:bottom:9998, shape=(200,)).
2026-03-24 19:42:57 [run:ccfb808c-bced-42e9-a34f-699bd2cd6643] [worker_4] [READ][step 9998] Received BOTTOM neighbor from worker 5 (key: ccfb808c-bced-42e9-a34f-699bd2cd6643:worker:5:top:9998, shape=(200,)).
2026-03-24 19:42:57 [run:ccfb808c-bced-42e9-a34f-699bd2cd6643] [worker_4] [WRITE][step 9999] wrote edges to [ccfb808c-bced-42e9-a34f-699bd2cd6643:worker:4:top:9999] and [ccfb808c-bced-42e9-a34f-699bd2cd6643:worker:4:bottom:9999].
2026-03-24 19:42:57 [run:ccfb808c-bced-42e9-a34f-699bd2cd6643] [worker_4] [READ][step 9999] Received TOP neighbor from worker 3 (key: ccfb808c-bced-42e9-a34f-699bd2cd6643:worker:3:bottom:9999, shape=(200,)).
2026-03-24 19:42:57 [run:ccfb808c-bced-42e9-a34f-699bd2cd6643] [worker_4] [READ][step 9999] Received BOTTOM neighbor from worker 5 (key: ccfb808c-bced-42e9-a34f-699bd2cd6643:worker:5:top:9999, shape=(200,)).
2026-03-24 19:42:57 [run:ccfb808c-bced-42e9-a34f-699bd2cd6643] [worker_4] [FIN] 10000 steps completed for rows 80-99.

==============================
 Worker 5  |  Pod: schrodinger-job-5-7rn9g
---    TOP 7 LINES    ---
2026-03-24 19:36:48 [run:ccfb808c-bced-42e9-a34f-699bd2cd6643] [worker_5] [START] Planning 10000 steps for rows 100-119.
2026-03-24 19:36:50 [run:ccfb808c-bced-42e9-a34f-699bd2cd6643] [worker_5] [READ] Retrieved initial grid from Redis.
2026-03-24 19:36:50 [run:ccfb808c-bced-42e9-a34f-699bd2cd6643] [worker_5] [WRITE][step 0 ] wrote edges to [ccfb808c-bced-42e9-a34f-699bd2cd6643:worker:5:top:0] and [ccfb808c-bced-42e9-a34f-699bd2cd6643:worker:5:bottom:0].
2026-03-24 19:36:50 [run:ccfb808c-bced-42e9-a34f-699bd2cd6643] [worker_5] [READ][step 0 ] Received TOP neighbor from worker 4 (key: ccfb808c-bced-42e9-a34f-699bd2cd6643:worker:4:bottom:0, shape=(200,)).
2026-03-24 19:36:50 [run:ccfb808c-bced-42e9-a34f-699bd2cd6643] [worker_5] [READ][step 0 ] Received BOTTOM neighbor from worker 6 (key: ccfb808c-bced-42e9-a34f-699bd2cd6643:worker:6:top:0, shape=(200,)).
2026-03-24 19:36:50 [run:ccfb808c-bced-42e9-a34f-699bd2cd6643] [worker_5] [PUB][step 0    ] published chunk to channel [ccfb808c-bced-42e9-a34f-699bd2cd6643:wave_channel]
2026-03-24 19:36:50 [run:ccfb808c-bced-42e9-a34f-699bd2cd6643] [worker_5] [WRITE][step 1 ] wrote edges to [ccfb808c-bced-42e9-a34f-699bd2cd6643:worker:5:top:1] and [ccfb808c-bced-42e9-a34f-699bd2cd6643:worker:5:bottom:1].

---    BOTTOM 7 LINES    ---
2026-03-24 19:42:57 [run:ccfb808c-bced-42e9-a34f-699bd2cd6643] [worker_5] [WRITE][step 9998] wrote edges to [ccfb808c-bced-42e9-a34f-699bd2cd6643:worker:5:top:9998] and [ccfb808c-bced-42e9-a34f-699bd2cd6643:worker:5:bottom:9998].
2026-03-24 19:42:57 [run:ccfb808c-bced-42e9-a34f-699bd2cd6643] [worker_5] [READ][step 9998] Received TOP neighbor from worker 4 (key: ccfb808c-bced-42e9-a34f-699bd2cd6643:worker:4:bottom:9998, shape=(200,)).
2026-03-24 19:42:57 [run:ccfb808c-bced-42e9-a34f-699bd2cd6643] [worker_5] [READ][step 9998] Received BOTTOM neighbor from worker 6 (key: ccfb808c-bced-42e9-a34f-699bd2cd6643:worker:6:top:9998, shape=(200,)).
2026-03-24 19:42:57 [run:ccfb808c-bced-42e9-a34f-699bd2cd6643] [worker_5] [WRITE][step 9999] wrote edges to [ccfb808c-bced-42e9-a34f-699bd2cd6643:worker:5:top:9999] and [ccfb808c-bced-42e9-a34f-699bd2cd6643:worker:5:bottom:9999].
2026-03-24 19:42:57 [run:ccfb808c-bced-42e9-a34f-699bd2cd6643] [worker_5] [READ][step 9999] Received TOP neighbor from worker 4 (key: ccfb808c-bced-42e9-a34f-699bd2cd6643:worker:4:bottom:9999, shape=(200,)).
2026-03-24 19:42:57 [run:ccfb808c-bced-42e9-a34f-699bd2cd6643] [worker_5] [READ][step 9999] Received BOTTOM neighbor from worker 6 (key: ccfb808c-bced-42e9-a34f-699bd2cd6643:worker:6:top:9999, shape=(200,)).
2026-03-24 19:42:57 [run:ccfb808c-bced-42e9-a34f-699bd2cd6643] [worker_5] [FIN] 10000 steps completed for rows 100-119.

==============================
 Worker 6  |  Pod: schrodinger-job-6-xpl2m
---    TOP 7 LINES    ---
2026-03-24 19:36:49 [run:ccfb808c-bced-42e9-a34f-699bd2cd6643] [worker_6] [START] Planning 10000 steps for rows 120-139.
2026-03-24 19:36:50 [run:ccfb808c-bced-42e9-a34f-699bd2cd6643] [worker_6] [READ] Retrieved initial grid from Redis.
2026-03-24 19:36:50 [run:ccfb808c-bced-42e9-a34f-699bd2cd6643] [worker_6] [WRITE][step 0 ] wrote edges to [ccfb808c-bced-42e9-a34f-699bd2cd6643:worker:6:top:0] and [ccfb808c-bced-42e9-a34f-699bd2cd6643:worker:6:bottom:0].
2026-03-24 19:36:50 [run:ccfb808c-bced-42e9-a34f-699bd2cd6643] [worker_6] [READ][step 0 ] Received TOP neighbor from worker 5 (key: ccfb808c-bced-42e9-a34f-699bd2cd6643:worker:5:bottom:0, shape=(200,)).
2026-03-24 19:36:50 [run:ccfb808c-bced-42e9-a34f-699bd2cd6643] [worker_6] [READ][step 0 ] Received BOTTOM neighbor from worker 7 (key: ccfb808c-bced-42e9-a34f-699bd2cd6643:worker:7:top:0, shape=(200,)).
2026-03-24 19:36:50 [run:ccfb808c-bced-42e9-a34f-699bd2cd6643] [worker_6] [PUB][step 0    ] published chunk to channel [ccfb808c-bced-42e9-a34f-699bd2cd6643:wave_channel]
2026-03-24 19:36:50 [run:ccfb808c-bced-42e9-a34f-699bd2cd6643] [worker_6] [WRITE][step 1 ] wrote edges to [ccfb808c-bced-42e9-a34f-699bd2cd6643:worker:6:top:1] and [ccfb808c-bced-42e9-a34f-699bd2cd6643:worker:6:bottom:1].

---    BOTTOM 7 LINES    ---
2026-03-24 19:42:57 [run:ccfb808c-bced-42e9-a34f-699bd2cd6643] [worker_6] [WRITE][step 9998] wrote edges to [ccfb808c-bced-42e9-a34f-699bd2cd6643:worker:6:top:9998] and [ccfb808c-bced-42e9-a34f-699bd2cd6643:worker:6:bottom:9998].
2026-03-24 19:42:57 [run:ccfb808c-bced-42e9-a34f-699bd2cd6643] [worker_6] [READ][step 9998] Received TOP neighbor from worker 5 (key: ccfb808c-bced-42e9-a34f-699bd2cd6643:worker:5:bottom:9998, shape=(200,)).
2026-03-24 19:42:57 [run:ccfb808c-bced-42e9-a34f-699bd2cd6643] [worker_6] [READ][step 9998] Received BOTTOM neighbor from worker 7 (key: ccfb808c-bced-42e9-a34f-699bd2cd6643:worker:7:top:9998, shape=(200,)).
2026-03-24 19:42:57 [run:ccfb808c-bced-42e9-a34f-699bd2cd6643] [worker_6] [WRITE][step 9999] wrote edges to [ccfb808c-bced-42e9-a34f-699bd2cd6643:worker:6:top:9999] and [ccfb808c-bced-42e9-a34f-699bd2cd6643:worker:6:bottom:9999].
2026-03-24 19:42:57 [run:ccfb808c-bced-42e9-a34f-699bd2cd6643] [worker_6] [READ][step 9999] Received TOP neighbor from worker 5 (key: ccfb808c-bced-42e9-a34f-699bd2cd6643:worker:5:bottom:9999, shape=(200,)).
2026-03-24 19:42:57 [run:ccfb808c-bced-42e9-a34f-699bd2cd6643] [worker_6] [READ][step 9999] Received BOTTOM neighbor from worker 7 (key: ccfb808c-bced-42e9-a34f-699bd2cd6643:worker:7:top:9999, shape=(200,)).
2026-03-24 19:42:57 [run:ccfb808c-bced-42e9-a34f-699bd2cd6643] [worker_6] [FIN] 10000 steps completed for rows 120-139.

==============================
 Worker 7  |  Pod: schrodinger-job-7-9cd87
---    TOP 7 LINES    ---
2026-03-24 19:36:48 [run:ccfb808c-bced-42e9-a34f-699bd2cd6643] [worker_7] [START] Planning 10000 steps for rows 140-159.
2026-03-24 19:36:50 [run:ccfb808c-bced-42e9-a34f-699bd2cd6643] [worker_7] [READ] Retrieved initial grid from Redis.
2026-03-24 19:36:50 [run:ccfb808c-bced-42e9-a34f-699bd2cd6643] [worker_7] [WRITE][step 0 ] wrote edges to [ccfb808c-bced-42e9-a34f-699bd2cd6643:worker:7:top:0] and [ccfb808c-bced-42e9-a34f-699bd2cd6643:worker:7:bottom:0].
2026-03-24 19:36:50 [run:ccfb808c-bced-42e9-a34f-699bd2cd6643] [worker_7] [READ][step 0 ] Received TOP neighbor from worker 6 (key: ccfb808c-bced-42e9-a34f-699bd2cd6643:worker:6:bottom:0, shape=(200,)).
2026-03-24 19:36:50 [run:ccfb808c-bced-42e9-a34f-699bd2cd6643] [worker_7] [READ][step 0 ] Received BOTTOM neighbor from worker 8 (key: ccfb808c-bced-42e9-a34f-699bd2cd6643:worker:8:top:0, shape=(200,)).
2026-03-24 19:36:50 [run:ccfb808c-bced-42e9-a34f-699bd2cd6643] [worker_7] [PUB][step 0    ] published chunk to channel [ccfb808c-bced-42e9-a34f-699bd2cd6643:wave_channel]
2026-03-24 19:36:50 [run:ccfb808c-bced-42e9-a34f-699bd2cd6643] [worker_7] [WRITE][step 1 ] wrote edges to [ccfb808c-bced-42e9-a34f-699bd2cd6643:worker:7:top:1] and [ccfb808c-bced-42e9-a34f-699bd2cd6643:worker:7:bottom:1].

---    BOTTOM 7 LINES    ---
2026-03-24 19:42:57 [run:ccfb808c-bced-42e9-a34f-699bd2cd6643] [worker_7] [WRITE][step 9998] wrote edges to [ccfb808c-bced-42e9-a34f-699bd2cd6643:worker:7:top:9998] and [ccfb808c-bced-42e9-a34f-699bd2cd6643:worker:7:bottom:9998].
2026-03-24 19:42:57 [run:ccfb808c-bced-42e9-a34f-699bd2cd6643] [worker_7] [READ][step 9998] Received TOP neighbor from worker 6 (key: ccfb808c-bced-42e9-a34f-699bd2cd6643:worker:6:bottom:9998, shape=(200,)).
2026-03-24 19:42:57 [run:ccfb808c-bced-42e9-a34f-699bd2cd6643] [worker_7] [READ][step 9998] Received BOTTOM neighbor from worker 8 (key: ccfb808c-bced-42e9-a34f-699bd2cd6643:worker:8:top:9998, shape=(200,)).
2026-03-24 19:42:57 [run:ccfb808c-bced-42e9-a34f-699bd2cd6643] [worker_7] [WRITE][step 9999] wrote edges to [ccfb808c-bced-42e9-a34f-699bd2cd6643:worker:7:top:9999] and [ccfb808c-bced-42e9-a34f-699bd2cd6643:worker:7:bottom:9999].
2026-03-24 19:42:57 [run:ccfb808c-bced-42e9-a34f-699bd2cd6643] [worker_7] [READ][step 9999] Received TOP neighbor from worker 6 (key: ccfb808c-bced-42e9-a34f-699bd2cd6643:worker:6:bottom:9999, shape=(200,)).
2026-03-24 19:42:57 [run:ccfb808c-bced-42e9-a34f-699bd2cd6643] [worker_7] [READ][step 9999] Received BOTTOM neighbor from worker 8 (key: ccfb808c-bced-42e9-a34f-699bd2cd6643:worker:8:top:9999, shape=(200,)).
2026-03-24 19:42:57 [run:ccfb808c-bced-42e9-a34f-699bd2cd6643] [worker_7] [FIN] 10000 steps completed for rows 140-159.

==============================
 Worker 8  |  Pod: schrodinger-job-8-vmt6l
---    TOP 7 LINES    ---
2026-03-24 19:36:49 [run:ccfb808c-bced-42e9-a34f-699bd2cd6643] [worker_8] [START] Planning 10000 steps for rows 160-179.
2026-03-24 19:36:50 [run:ccfb808c-bced-42e9-a34f-699bd2cd6643] [worker_8] [READ] Retrieved initial grid from Redis.
2026-03-24 19:36:50 [run:ccfb808c-bced-42e9-a34f-699bd2cd6643] [worker_8] [WRITE][step 0 ] wrote edges to [ccfb808c-bced-42e9-a34f-699bd2cd6643:worker:8:top:0] and [ccfb808c-bced-42e9-a34f-699bd2cd6643:worker:8:bottom:0].
2026-03-24 19:36:50 [run:ccfb808c-bced-42e9-a34f-699bd2cd6643] [worker_8] [READ][step 0 ] Received TOP neighbor from worker 7 (key: ccfb808c-bced-42e9-a34f-699bd2cd6643:worker:7:bottom:0, shape=(200,)).
2026-03-24 19:36:50 [run:ccfb808c-bced-42e9-a34f-699bd2cd6643] [worker_8] [READ][step 0 ] Received BOTTOM neighbor from worker 9 (key: ccfb808c-bced-42e9-a34f-699bd2cd6643:worker:9:top:0, shape=(200,)).
2026-03-24 19:36:50 [run:ccfb808c-bced-42e9-a34f-699bd2cd6643] [worker_8] [PUB][step 0    ] published chunk to channel [ccfb808c-bced-42e9-a34f-699bd2cd6643:wave_channel]
2026-03-24 19:36:50 [run:ccfb808c-bced-42e9-a34f-699bd2cd6643] [worker_8] [WRITE][step 1 ] wrote edges to [ccfb808c-bced-42e9-a34f-699bd2cd6643:worker:8:top:1] and [ccfb808c-bced-42e9-a34f-699bd2cd6643:worker:8:bottom:1].

---    BOTTOM 7 LINES    ---
2026-03-24 19:42:57 [run:ccfb808c-bced-42e9-a34f-699bd2cd6643] [worker_8] [WRITE][step 9998] wrote edges to [ccfb808c-bced-42e9-a34f-699bd2cd6643:worker:8:top:9998] and [ccfb808c-bced-42e9-a34f-699bd2cd6643:worker:8:bottom:9998].
2026-03-24 19:42:57 [run:ccfb808c-bced-42e9-a34f-699bd2cd6643] [worker_8] [READ][step 9998] Received TOP neighbor from worker 7 (key: ccfb808c-bced-42e9-a34f-699bd2cd6643:worker:7:bottom:9998, shape=(200,)).
2026-03-24 19:42:57 [run:ccfb808c-bced-42e9-a34f-699bd2cd6643] [worker_8] [READ][step 9998] Received BOTTOM neighbor from worker 9 (key: ccfb808c-bced-42e9-a34f-699bd2cd6643:worker:9:top:9998, shape=(200,)).
2026-03-24 19:42:57 [run:ccfb808c-bced-42e9-a34f-699bd2cd6643] [worker_8] [WRITE][step 9999] wrote edges to [ccfb808c-bced-42e9-a34f-699bd2cd6643:worker:8:top:9999] and [ccfb808c-bced-42e9-a34f-699bd2cd6643:worker:8:bottom:9999].
2026-03-24 19:42:57 [run:ccfb808c-bced-42e9-a34f-699bd2cd6643] [worker_8] [READ][step 9999] Received TOP neighbor from worker 7 (key: ccfb808c-bced-42e9-a34f-699bd2cd6643:worker:7:bottom:9999, shape=(200,)).
2026-03-24 19:42:57 [run:ccfb808c-bced-42e9-a34f-699bd2cd6643] [worker_8] [READ][step 9999] Received BOTTOM neighbor from worker 9 (key: ccfb808c-bced-42e9-a34f-699bd2cd6643:worker:9:top:9999, shape=(200,)).
2026-03-24 19:42:57 [run:ccfb808c-bced-42e9-a34f-699bd2cd6643] [worker_8] [FIN] 10000 steps completed for rows 160-179.

==============================
 Worker 9  |  Pod: schrodinger-job-9-8d7m5
---    TOP 7 LINES    ---
2026-03-24 19:36:50 [run:ccfb808c-bced-42e9-a34f-699bd2cd6643] [worker_9] [START] Planning 10000 steps for rows 180-199.
2026-03-24 19:36:50 [run:ccfb808c-bced-42e9-a34f-699bd2cd6643] [worker_9] [READ] Retrieved initial grid from Redis.
2026-03-24 19:36:50 [run:ccfb808c-bced-42e9-a34f-699bd2cd6643] [worker_9] [WRITE][step 0 ] wrote edges to [ccfb808c-bced-42e9-a34f-699bd2cd6643:worker:9:top:0] and [ccfb808c-bced-42e9-a34f-699bd2cd6643:worker:9:bottom:0].
2026-03-24 19:36:50 [run:ccfb808c-bced-42e9-a34f-699bd2cd6643] [worker_9] [READ][step 0 ] Received TOP neighbor from worker 8 (key: ccfb808c-bced-42e9-a34f-699bd2cd6643:worker:8:bottom:0, shape=(200,)).
2026-03-24 19:36:50 [run:ccfb808c-bced-42e9-a34f-699bd2cd6643] [worker_9] [PUB][step 0    ] published chunk to channel [ccfb808c-bced-42e9-a34f-699bd2cd6643:wave_channel]
2026-03-24 19:36:50 [run:ccfb808c-bced-42e9-a34f-699bd2cd6643] [worker_9] [WRITE][step 1 ] wrote edges to [ccfb808c-bced-42e9-a34f-699bd2cd6643:worker:9:top:1] and [ccfb808c-bced-42e9-a34f-699bd2cd6643:worker:9:bottom:1].
2026-03-24 19:36:50 [run:ccfb808c-bced-42e9-a34f-699bd2cd6643] [worker_9] [READ][step 1 ] Received TOP neighbor from worker 8 (key: ccfb808c-bced-42e9-a34f-699bd2cd6643:worker:8:bottom:1, shape=(200,)).

---    BOTTOM 7 LINES    ---
2026-03-24 19:42:57 [run:ccfb808c-bced-42e9-a34f-699bd2cd6643] [worker_9] [WRITE][step 9997] wrote edges to [ccfb808c-bced-42e9-a34f-699bd2cd6643:worker:9:top:9997] and [ccfb808c-bced-42e9-a34f-699bd2cd6643:worker:9:bottom:9997].
2026-03-24 19:42:57 [run:ccfb808c-bced-42e9-a34f-699bd2cd6643] [worker_9] [READ][step 9997] Received TOP neighbor from worker 8 (key: ccfb808c-bced-42e9-a34f-699bd2cd6643:worker:8:bottom:9997, shape=(200,)).
2026-03-24 19:42:57 [run:ccfb808c-bced-42e9-a34f-699bd2cd6643] [worker_9] [WRITE][step 9998] wrote edges to [ccfb808c-bced-42e9-a34f-699bd2cd6643:worker:9:top:9998] and [ccfb808c-bced-42e9-a34f-699bd2cd6643:worker:9:bottom:9998].
2026-03-24 19:42:57 [run:ccfb808c-bced-42e9-a34f-699bd2cd6643] [worker_9] [READ][step 9998] Received TOP neighbor from worker 8 (key: ccfb808c-bced-42e9-a34f-699bd2cd6643:worker:8:bottom:9998, shape=(200,)).
2026-03-24 19:42:57 [run:ccfb808c-bced-42e9-a34f-699bd2cd6643] [worker_9] [WRITE][step 9999] wrote edges to [ccfb808c-bced-42e9-a34f-699bd2cd6643:worker:9:top:9999] and [ccfb808c-bced-42e9-a34f-699bd2cd6643:worker:9:bottom:9999].
2026-03-24 19:42:57 [run:ccfb808c-bced-42e9-a34f-699bd2cd6643] [worker_9] [READ][step 9999] Received TOP neighbor from worker 8 (key: ccfb808c-bced-42e9-a34f-699bd2cd6643:worker:8:bottom:9999, shape=(200,)).
2026-03-24 19:42:57 [run:ccfb808c-bced-42e9-a34f-699bd2cd6643] [worker_9] [FIN] 10000 steps completed for rows 180-199.

